<?xml version="1.0" encoding="UTF-8"?>
<coverage generated="1725655438027" clover="3.2.0">
  <project timestamp="1725655438027" name="All files">
    <metrics statements="17" coveredstatements="17" conditionals="0" coveredconditionals="0" methods="0" coveredmethods="0" elements="17" coveredelements="17" complexity="0" loc="17" ncloc="17" packages="1" files="2" classes="2"/>
    <file name="01-template.ts" path="C:\Users\fullstack\OneDrive - BAMA Global\Documents\js\personal\curso Node\fernandoHerrera\02-bases\src\js-fpundation\01-template.ts">
      <metrics statements="9" coveredstatements="9" conditionals="0" coveredconditionals="0" methods="0" coveredmethods="0"/>
      <line num="1" count="1" type="stmt"/>
      <line num="2" count="1" type="stmt"/>
      <line num="3" count="1" type="stmt"/>
      <line num="4" count="1" type="stmt"/>
      <line num="5" count="1" type="stmt"/>
      <line num="6" count="1" type="stmt"/>
      <line num="7" count="1" type="stmt"/>
      <line num="8" count="1" type="stmt"/>
      <line num="9" count="1" type="stmt"/>
    </file>
    <file name="02-destructuring.ts" path="C:\Users\fullstack\OneDrive - BAMA Global\Documents\js\personal\curso Node\fernandoHerrera\02-bases\src\js-fpundation\02-destructuring.ts">
      <metrics statements="8" coveredstatements="8" conditionals="0" coveredconditionals="0" methods="0" coveredmethods="0"/>
      <line num="1" count="1" type="stmt"/>
      <line num="2" count="1" type="stmt"/>
      <line num="3" count="1" type="stmt"/>
      <line num="4" count="1" type="stmt"/>
      <line num="5" count="1" type="stmt"/>
      <line num="6" count="1" type="stmt"/>
      <line num="7" count="1" type="stmt"/>
      <line num="8" count="1" type="stmt"/>
    </file>
  </project>
</coverage>
